Left Speed |	 Right Speed |	 Left Error |	 Right Error |	 Left Effort |	 Right Effort |	
0.00 |	0.00 |	50.00 |	50.00 |	20.00 |	20.00
21.38 |	18.33 |	28.62 |	31.67 |	16.45 |	17.67
30.54 |	33.60 |	19.46 |	16.40 |	15.64 |	14.73
27.49 |	27.49 |	22.51 |	22.51 |	18.81 |	18.81
33.60 |	30.54 |	16.40 |	19.46 |	18.62 |	19.84
36.65 |	36.65 |	13.35 |	13.35 |	19.04 |	19.34
39.71 |	39.71 |	10.29 |	10.29 |	19.15 |	19.46
42.76 |	39.71 |	7.24 |	10.29 |	18.96 |	20.49
39.71 |	42.76 |	10.29 |	7.24 |	20.90 |	20.29
42.76 |	45.81 |	7.24 |	4.19 |	20.71 |	19.80
45.81 |	42.76 |	4.19 |	7.24 |	20.21 |	21.44
45.81 |	45.81 |	4.19 |	4.19 |	20.63 |	20.94
45.81 |	45.81 |	4.19 |	4.19 |	21.05 |	21.36
45.81 |	45.81 |	4.19 |	4.19 |	21.47 |	21.78
48.87 |	48.87 |	1.13 |	1.13 |	20.67 |	20.97
48.87 |	45.81 |	1.13 |	4.19 |	20.78 |	22.31
45.81 |	48.87 |	4.19 |	1.13 |	22.11 |	21.50
51.92 |	51.92 |	-1.92 |	-1.92 |	20.09 |	20.40
45.81 |	45.81 |	4.19 |	4.19 |	22.34 |	22.65
51.92 |	48.87 |	-1.92 |	1.13 |	20.32 |	21.84
48.87 |	51.92 |	1.13 |	-1.92 |	21.35 |	20.73
48.87 |	45.81 |	1.13 |	4.19 |	21.46 |	22.99
48.87 |	48.87 |	1.13 |	1.13 |	21.57 |	22.18
51.92 |	51.92 |	-1.92 |	-1.92 |	20.46 |	21.07
45.81 |	51.92 |	4.19 |	-1.92 |	22.71 |	20.88
51.92 |	48.87 |	-1.92 |	1.13 |	20.69 |	21.91
48.87 |	45.81 |	1.13 |	4.19 |	21.72 |	23.25
48.87 |	51.92 |	1.13 |	-1.92 |	21.83 |	21.22
48.87 |	51.92 |	1.13 |	-1.92 |	21.94 |	21.03
48.87 |	51.92 |	1.13 |	-1.92 |	22.06 |	20.84
51.92 |	45.81 |	-1.92 |	4.19 |	20.95 |	23.09
48.87 |	51.92 |	1.13 |	-1.92 |	21.98 |	21.06
48.87 |	48.87 |	1.13 |	1.13 |	22.09 |	22.09
51.92 |	51.92 |	-1.92 |	-1.92 |	20.98 |	20.98
51.92 |	51.92 |	-1.92 |	-1.92 |	20.79 |	20.79
45.81 |	42.76 |	4.19 |	7.24 |	23.04 |	24.26
48.87 |	51.92 |	1.13 |	-1.92 |	22.24 |	21.32
54.98 |	54.98 |	-4.98 |	-4.98 |	19.91 |	19.91
48.87 |	45.81 |	1.13 |	4.19 |	21.85 |	23.08
48.87 |	51.92 |	1.13 |	-1.92 |	21.97 |	21.05
48.87 |	51.92 |	1.13 |	-1.92 |	22.08 |	20.86
48.87 |	45.81 |	1.13 |	4.19 |	22.19 |	23.11
51.92 |	51.92 |	-1.92 |	-1.92 |	21.08 |	21.08
51.92 |	48.87 |	-1.92 |	1.13 |	20.89 |	22.11
48.87 |	51.92 |	1.13 |	-1.92 |	21.92 |	21.00
48.87 |	51.92 |	1.13 |	-1.92 |	22.03 |	20.81
48.87 |	48.87 |	1.13 |	1.13 |	22.15 |	21.84
51.92 |	45.81 |	-1.92 |	4.19 |	21.04 |	23.18
51.92 |	51.92 |	-1.92 |	-1.92 |	20.85 |	21.15
48.87 |	51.92 |	1.13 |	-1.92 |	21.88 |	20.96
48.87 |	48.87 |	1.13 |	1.13 |	21.99 |	21.99
48.87 |	48.87 |	1.13 |	1.13 |	22.10 |	22.10
48.87 |	48.87 |	1.13 |	1.13 |	22.21 |	22.21
51.92 |	51.92 |	-1.92 |	-1.92 |	21.11 |	21.11
51.92 |	51.92 |	-1.92 |	-1.92 |	20.91 |	20.91
48.87 |	48.87 |	1.13 |	1.13 |	21.94 |	21.94
48.87 |	45.81 |	1.13 |	4.19 |	22.06 |	23.28
48.87 |	51.92 |	1.13 |	-1.92 |	22.17 |	21.25
51.92 |	51.92 |	-1.92 |	-1.92 |	21.06 |	21.06
51.92 |	51.92 |	-1.92 |	-1.92 |	20.87 |	20.87
48.87 |	45.81 |	1.13 |	4.19 |	21.90 |	23.12
48.87 |	51.92 |	1.13 |	-1.92 |	22.01 |	21.09
48.87 |	51.92 |	1.13 |	-1.92 |	22.12 |	20.90
54.98 |	48.87 |	-4.98 |	1.13 |	19.79 |	21.93
45.81 |	45.81 |	4.19 |	4.19 |	22.96 |	23.27
48.87 |	51.92 |	1.13 |	-1.92 |	22.16 |	21.24
51.92 |	51.92 |	-1.92 |	-1.92 |	21.05 |	21.05
51.92 |	51.92 |	-1.92 |	-1.92 |	20.86 |	20.86
48.87 |	45.81 |	1.13 |	4.19 |	21.89 |	23.11
48.87 |	51.92 |	1.13 |	-1.92 |	22.00 |	21.08
48.87 |	51.92 |	1.13 |	-1.92 |	22.11 |	20.89
51.92 |	48.87 |	-1.92 |	1.13 |	21.00 |	21.92
48.87 |	45.81 |	1.13 |	4.19 |	22.03 |	23.25
51.92 |	54.98 |	-1.92 |	-4.98 |	20.92 |	20.01
48.87 |	48.87 |	1.13 |	1.13 |	21.95 |	21.95
48.87 |	48.87 |	1.13 |	1.13 |	22.07 |	22.07
51.92 |	48.87 |	-1.92 |	1.13 |	20.96 |	22.18
48.87 |	51.92 |	1.13 |	-1.92 |	21.99 |	21.07
48.87 |	51.92 |	1.13 |	-1.92 |	22.10 |	20.88
48.87 |	48.87 |	1.13 |	1.13 |	22.21 |	21.91
54.98 |	48.87 |	-4.98 |	1.13 |	19.88 |	22.02
48.87 |	51.92 |	1.13 |	-1.92 |	21.83 |	20.91
45.81 |	48.87 |	4.19 |	1.13 |	23.16 |	21.94
51.92 |	48.87 |	-1.92 |	1.13 |	21.14 |	22.06
51.92 |	48.87 |	-1.92 |	1.13 |	20.95 |	22.17
48.87 |	51.92 |	1.13 |	-1.92 |	21.98 |	21.06
48.87 |	51.92 |	1.13 |	-1.92 |	22.09 |	20.87
48.87 |	48.87 |	1.13 |	1.13 |	22.20 |	21.90
54.98 |	48.87 |	-4.98 |	1.13 |	19.87 |	22.01
48.87 |	48.87 |	1.13 |	1.13 |	21.82 |	22.12
45.81 |	54.98 |	4.19 |	-4.98 |	23.15 |	19.79
51.92 |	48.87 |	-1.92 |	1.13 |	21.13 |	21.74
54.98 |	45.81 |	-4.98 |	4.19 |	19.71 |	23.07
45.81 |	51.92 |	4.19 |	-1.92 |	22.88 |	21.05
48.87 |	51.92 |	1.13 |	-1.92 |	22.08 |	20.86
51.92 |	48.87 |	-1.92 |	1.13 |	20.97 |	21.88
51.92 |	48.87 |	-1.92 |	1.13 |	20.78 |	22.00
48.87 |	48.87 |	1.13 |	1.13 |	21.81 |	22.11
48.87 |	48.87 |	1.13 |	1.13 |	21.92 |	22.22
18.33 |	51.92 |	31.67 |	-1.92 |	34.25 |	21.12
6.11 |	51.92 |	43.89 |	-1.92 |	42.30 |	20.92
24.43 |	48.87 |	25.57 |	1.13 |	39.36 |	21.95
24.43 |	48.87 |	25.57 |	1.13 |	41.92 |	22.07
18.33 |	48.87 |	31.67 |	1.13 |	46.92 |	22.18
15.27 |	54.98 |	34.73 |	-4.98 |	51.31 |	19.85
24.43 |	45.81 |	25.57 |	4.19 |	51.12 |	23.02
39.71 |	48.87 |	10.29 |	1.13 |	47.56 |	22.21
33.60 |	51.92 |	16.40 |	-1.92 |	51.04 |	21.10
36.65 |	51.92 |	13.35 |	-1.92 |	51.45 |	20.91
30.54 |	48.87 |	19.46 |	1.13 |	55.23 |	21.94
27.49 |	45.81 |	22.51 |	4.19 |	58.40 |	23.28
30.54 |	51.92 |	19.46 |	-1.92 |	59.43 |	21.25
45.81 |	51.92 |	4.19 |	-1.92 |	55.27 |	21.06
122.17 |	51.92 |	-72.17 |	-1.92 |	25.14 |	20.87
113.01 |	45.81 |	-63.01 |	4.19 |	21.59 |	23.12
73.30 |	51.92 |	-23.30 |	-1.92 |	31.17 |	21.09
70.25 |	51.92 |	-20.25 |	-1.92 |	30.06 |	20.90
82.47 |	48.87 |	-32.47 |	1.13 |	23.15 |	21.93
70.25 |	48.87 |	-20.25 |	1.13 |	24.79 |	22.04
61.09 |	48.87 |	-11.09 |	1.13 |	26.43 |	22.16
64.14 |	51.92 |	-14.14 |	-1.92 |	24.10 |	21.05
64.14 |	51.92 |	-14.14 |	-1.92 |	22.69 |	20.85
58.03 |	48.87 |	-8.03 |	1.13 |	23.72 |	21.88
54.98 |	48.87 |	-4.98 |	1.13 |	24.13 |	22.00
58.03 |	48.87 |	-8.03 |	1.13 |	22.42 |	22.11
58.03 |	48.87 |	-8.03 |	1.13 |	21.61 |	22.22
51.92 |	54.98 |	-1.92 |	-4.98 |	23.25 |	19.89
54.98 |	48.87 |	-4.98 |	1.13 |	21.84 |	21.84
48.87 |	45.81 |	1.13 |	4.19 |	23.78 |	23.17
54.98 |	51.92 |	-4.98 |	-1.92 |	21.45 |	21.15
51.92 |	51.92 |	-1.92 |	-1.92 |	22.18 |	20.96
51.92 |	48.87 |	-1.92 |	1.13 |	21.99 |	21.99
51.92 |	45.81 |	-1.92 |	4.19 |	21.79 |	23.32
48.87 |	54.98 |	1.13 |	-4.98 |	22.82 |	20.07
51.92 |	48.87 |	-1.92 |	1.13 |	21.71 |	22.02
51.92 |	51.92 |	-1.92 |	-1.92 |	21.52 |	20.91
48.87 |	48.87 |	1.13 |	1.13 |	22.55 |	21.94
51.92 |	48.87 |	-1.92 |	1.13 |	21.44 |	22.05
48.87 |	48.87 |	1.13 |	1.13 |	22.47 |	22.17
51.92 |	51.92 |	-1.92 |	-1.92 |	21.36 |	21.06
51.92 |	51.92 |	-1.92 |	-1.92 |	21.17 |	20.86
48.87 |	48.87 |	1.13 |	1.13 |	22.20 |	21.89
51.92 |	48.87 |	-1.92 |	1.13 |	21.09 |	22.01
51.92 |	48.87 |	-1.92 |	1.13 |	20.90 |	22.12
48.87 |	54.98 |	1.13 |	-4.98 |	21.93 |	19.79
45.81 |	45.81 |	4.19 |	4.19 |	23.26 |	22.96
51.92 |	48.87 |	-1.92 |	1.13 |	21.24 |	22.15
51.92 |	51.92 |	-1.92 |	-1.92 |	21.05 |	21.05
51.92 |	51.92 |	-1.92 |	-1.92 |	20.85 |	20.85
48.87 |	48.87 |	1.13 |	1.13 |	21.88 |	21.88
45.81 |	48.87 |	4.19 |	1.13 |	23.22 |	22.00
51.92 |	48.87 |	-1.92 |	1.13 |	21.19 |	22.11
51.92 |	48.87 |	-1.92 |	1.13 |	21.00 |	22.22
48.87 |	51.92 |	1.13 |	-1.92 |	22.03 |	21.11
48.87 |	51.92 |	1.13 |	-1.92 |	22.14 |	20.92
51.92 |	48.87 |	-1.92 |	1.13 |	21.03 |	21.95
51.92 |	48.87 |	-1.92 |	1.13 |	20.84 |	22.06
45.81 |	51.92 |	4.19 |	-1.92 |	23.09 |	20.95
51.92 |	48.87 |	-1.92 |	1.13 |	21.07 |	21.98
51.92 |	48.87 |	-1.92 |	1.13 |	20.88 |	22.10
48.87 |	51.92 |	1.13 |	-1.92 |	21.90 |	20.99
48.87 |	48.87 |	1.13 |	1.13 |	22.02 |	22.02
48.87 |	48.87 |	1.13 |	1.13 |	22.13 |	22.13
51.92 |	51.92 |	-1.92 |	-1.92 |	21.02 |	21.02
51.92 |	51.92 |	-1.92 |	-1.92 |	20.83 |	20.83
48.87 |	48.87 |	1.13 |	1.13 |	21.86 |	21.86
48.87 |	48.87 |	1.13 |	1.13 |	21.97 |	21.97
48.87 |	48.87 |	1.13 |	1.13 |	22.09 |	22.09
51.92 |	51.92 |	-1.92 |	-1.92 |	20.98 |	20.98
48.87 |	51.92 |	1.13 |	-1.92 |	22.01 |	20.78
48.87 |	45.81 |	1.13 |	4.19 |	22.12 |	23.04
54.98 |	51.92 |	-4.98 |	-1.92 |	19.79 |	21.01
48.87 |	48.87 |	1.13 |	1.13 |	21.73 |	22.04
45.81 |	54.98 |	4.19 |	-4.98 |	23.07 |	19.71
51.92 |	45.81 |	-1.92 |	4.19 |	21.04 |	22.88
51.92 |	51.92 |	-1.92 |	-1.92 |	20.85 |	20.85
48.87 |	48.87 |	1.13 |	1.13 |	21.88 |	21.88
48.87 |	48.87 |	1.13 |	1.13 |	21.99 |	21.99
51.92 |	48.87 |	-1.92 |	1.13 |	20.89 |	22.11
45.81 |	51.92 |	4.19 |	-1.92 |	23.14 |	21.00
51.92 |	48.87 |	-1.92 |	1.13 |	21.11 |	22.03
51.92 |	48.87 |	-1.92 |	1.13 |	20.92 |	22.14
48.87 |	51.92 |	1.13 |	-1.92 |	21.95 |	21.03
48.87 |	51.92 |	1.13 |	-1.92 |	22.06 |	20.84
51.92 |	48.87 |	-1.92 |	1.13 |	20.95 |	21.87
48.87 |	48.87 |	1.13 |	1.13 |	21.98 |	21.98
48.87 |	48.87 |	1.13 |	1.13 |	22.10 |	22.10
48.87 |	51.92 |	1.13 |	-1.92 |	22.21 |	20.99
54.98 |	48.87 |	-4.98 |	1.13 |	19.88 |	22.02
48.87 |	51.92 |	1.13 |	-1.92 |	21.82 |	20.91
45.81 |	48.87 |	4.19 |	1.13 |	23.16 |	21.94
51.92 |	48.87 |	-1.92 |	1.13 |	21.13 |	22.05
51.92 |	51.92 |	-1.92 |	-1.92 |	20.94 |	20.94
48.87 |	48.87 |	1.13 |	1.13 |	21.97 |	21.97
48.87 |	48.87 |	1.13 |	1.13 |	22.08 |	22.08
51.92 |	48.87 |	-1.92 |	1.13 |	20.98 |	22.20
48.87 |	54.98 |	1.13 |	-4.98 |	22.00 |	19.87
48.87 |	45.81 |	1.13 |	4.19 |	22.12 |	23.03
51.92 |	51.92 |	-1.92 |	-1.92 |	21.01 |	21.01
