  -178     19   1036    -88     11   1036
  -188      2   1085   -178     11   1047
  -221    -18   1264   -188      2   1085
   322   -138   1081   -178    -18   1081
   510    -27    797    322    -27   1081
   453    -93    468    453    -27    797
   476    -55    847    453    -55    847
   491    103   1555    476    -27    847
   727    156   1307    491    103   1307
   460    127    974    476    127    974
   350     -2   1021    460    103   1021
   422   -105   1069    422     -2   1021
    32     11    952    422     11   1021
   229    -34   1108    229     -2   1021
   218    -20   1225    229    -20   1108
   -52   -104   1045    218    -20   1045
   -85     56    874    -52    -20   1045
  -131    -49   1210    -85    -20   1045
  -122    -53   1176   -122    -49   1176
   -70     64    975    -85    -20   1045
   -82     33   1203    -82     33   1176
   -64      2   1044    -82      2   1045
    -8     33   1083    -64     33   1083
  -117     -4    959    -82      2   1045
  -136    -73   1053   -117     -4   1053
  -154    -23   1174   -136    -23   1053
  -133    -27    873   -133    -23   1053
    12    -57    858   -133    -27    873
  -120    -20   1097   -120    -23   1053
   -88    -47   1250   -120    -27   1097
   -61     12   1063    -88    -23   1063
   -15     75   1128    -61     12   1097
   -54     -1   1034    -54     -1   1063
   -71     30   1147    -61     12   1097
  -126      7   1117    -71      7   1117
    58     33   1019    -61     12   1097
   -37   -146    961    -37      7   1019
   389    -51   1311    -37    -51   1097
   187    -85   1103    187    -51   1103
   110    -15    861    110    -51   1097
   181    -45   1099    181    -45   1099
   -83     66    963    110    -45   1097
   113     43    927    113     43    963
    19     35    948    110     35    948
    40     -3    973     40     35    963
   -57    -35    958     40     -3    958
  -121      4   1117    -57      4    963
   116     18    887     40      4    958
   -85     84   1031    -57     18    963
   -35    -52   1044    -35      4   1031
   -19     43   1069    -35     18   1044
   -58      9   1024    -35      9   1031
   -74     46   1096    -58     18   1044
    36    -12   1004    -35      9   1031
   181    -30   1041     36    -12   1041
   105    -41    924    105    -30   1031
    48    -14   1087     48    -14   1041
    75    -23   1002     75    -23   1031
   -69    -22   1032     48    -22   1032
   -63    -94   1058    -63    -23   1032
   -36     74    974    -36    -22   1032
   -26    -13    924    -36    -13    974
  -101    -29    991    -36    -22    991
    87     41    996    -36    -13    991
   114      0    948     87      0    991
    40     -5    881     40     -5    948
   -49   -105    986     40     -5    986
  -180     11    989    -49     -5    986
  -148    -45    909   -148     -5    986
   187     12   1239    -49     -5    986
   114    -46   1155    114     -5   1155
   163      3   1131    114     -5   1131
   -49    -30   1064    114     -5   1131
   -24     52   1086    -24     -5   1086
   -60     39    911    -24     39   1086
  -120    -29   1187    -60     -5   1086
   -18     19   1019    -24     19   1086
   -31    -32    844    -31     -5   1019
    -8    -32   1052    -24    -32   1052
   -62    -13   1066    -31    -13   1052
  -263     -2    904    -62    -13   1052
   -50     15    911    -50     -2    911
    40   -149    978    -50    -13    978
   -65    -12   1106    -50    -12    978
   195    -48   1068    -50    -13   1068
   -26    -41   1035    -26    -41   1035
    41     26   1055    -26    -13   1055
    73     10   1092     41     10   1055
   123     70    905     73     10   1055
   182    -33   1210    123     10   1055
   137     43   1051    137     10   1055
   -53    -42    919    123     10   1051
   107      0   1124    107      0   1055
   -15     35    972    107     10   1051
   105     -1   1122    105      0   1055
    60    -88    966    105     -1   1051
    71   -131    975     71    -88    975
  -162     48   1136     71     -1   1051
   -56     55   1238    -56     48   1136
   136     86   1165     71     55   1165
   117     30    945    117     48   1136
     8    -91   1044     71     30   1044
   114    -60   1204    114    -60   1136
     5      2    944     71      2   1044
    35    -22   1248     35    -22   1136
  -107    -65    980     35    -22   1044
   -45     66   1074    -45    -22   1074
  -119    -14   1100    -45    -14   1074
   117    -34   1015    -45    -22   1074
  -217    -10   1078    -45    -14   1074
     0     -1    972    -45    -10   1074
   -56    -66   1208    -45    -14   1074
     4     -2    889    -45    -10   1074
  -263     37    996    -45     -2    996
    61     33   1036    -45     33   1036
  -139    -31    813    -45     -2    996
   124    -65    989    -45    -31    989
  -134    115    949    -45     -2    989
  -123    -10   1033   -123    -10    989
  -165    -43   1073   -123    -10   1033
   116    -30    893   -123    -30    989
   -44    -33   1016    -44    -30   1016
   -67   -110   1113    -67    -33   1016
   -81     45    972    -67    -30   1016
   -82     13   1041    -81     13   1016
  -185    -38   1133    -82    -30   1041
     8    -34   1056    -81    -34   1056
  -151     34    846    -82    -30   1041
    34     30   1004    -81     30   1004
   134     36    970     34     30   1004
   -78     17   1088    -78     30   1004
   -84    -48    953    -78     17   1004
  -123    -47   1100    -84    -47   1004
    26     60   1183    -78     17   1100
   153    -50    905     26    -47   1004
    80    -30   1073     80    -30   1073
    50     30    839     50    -30   1004
  -100     14   1069     50     14   1069
  -217     56   1024   -100     14   1024
  -244     13    994   -217     14   1024
  -134    -45   1067   -134     13   1024
   -29      8    919   -134      8   1024
  -114    -34   1007   -114      8   1007
   -31    -84   1116   -114    -34   1024
   185    -41   1223    -31    -41   1116
   -21    -43   1111    -21    -41   1111
    91     -5   1190    -21    -41   1116
   -91    -29   1022    -21    -29   1111
  -172    -11   1039    -91    -29   1039
    16     59   1023    -21    -11   1039
   -78    -12    941    -78    -12   1023
  -174    -31   1074    -78    -12   1039
    -7    -70    942    -78    -31   1023
   -58     -5    992    -58    -12    992
    87    -14   1226    -58    -14   1023
   -93    -61   1177    -58    -14   1177
   -33    -58   1258    -58    -58   1177
   134     -1   1130    -33    -14   1177
    96    141   1117     96     -1   1130
    -4    -53   1241     -4    -14   1177
    64    -54    890     64    -53   1130
    -1    -27   1141     -1    -27   1141
  -127    -31   1069     -1    -31   1130
  -181    -59    968   -127    -31   1069
   -67     41   1138    -67    -31   1130
  -105     -1   1040   -105     -1   1069
  -234    -70    934   -105    -31   1040
     1     52   1099   -105     -1   1069
   -84     16   1024    -84     16   1040
    99     -4   1028    -84     -1   1028
   -43     44   1293    -43     16   1040
   -44     13    840    -44     13   1028
   135    -26    982    -43     13    982
   -67     22    967    -44     13    982
    78     96    999    -43     22    982
    46     40   1177     46     40    999
    12    -21   1001     12     22   1001
   -38    -39    997     12    -21    999
    46   -121   1014     12    -39   1001
   136    -38    889     46    -38    999
  -199   -150    929     12    -39    929
   146    -18   1058     46    -38    999
    25     37   1081     25    -18   1058
   -89    -85   1183     25    -38   1081
    -8     -4   1089     -8    -18   1089
    39     11    937     25     -4   1081
    51    -19    962     39    -18    962
   -81    -66    943     25    -19    962
  -113    -67   1221    -81    -66    962
     8      3    893      8    -19    962
   -57     51   1171    -57      3    962
   130     31    883      8     31    962
   114     56    983    114     31    962
    27     33   1106     27     33    983
   175    -35    913    114     31    962
    63     85   1089     63     33    983
    50     45   1176     63     45   1089
   -83    -62   1103     50     33   1103
   -12   -101   1021    -12    -62   1089
   -52    -96   1236    -12    -96   1103
  -157      5   1176    -52    -62   1176
   -40     15    869    -40      5   1103
    10     61    892    -40     15    892
   -44    -30    928    -40      5    928
    65      6    986    -40      6    928
   -28    -74    938    -28      5    938
   133     14    851    -28      6    928
     1     45   1069      1     14    938
    19      0   1190      1      6   1069
   -78    -78   1100      1      0   1100
   -60    -72   1044    -60    -72   1069
    79     42   1027      1      0   1044
   -80      8   1137    -60      8   1069
   124    -16   1188      1      0   1137
  -160     77   1154    -60      8   1154
   -46    -93   1099    -46      0   1137
   -41    -19    841    -46    -19   1099
    96     57    864    -41      0    864
  -108     32    964    -46     32    964
   -25   -137   1099    -41      0    964
   -99   -122   1266    -46   -122   1099
  -134     31   1119    -99      0   1119
    93    -10   1087    -46    -10   1099
   -69      4   1115    -69      0   1115
   -47    -14    954    -47    -10   1099
   -56    -54   1123    -56    -14   1115
    62     41   1117    -47    -10   1117
   -39      6   1166    -39      6   1117
   -76    -92   1179    -47    -10   1166
  -171      5   1113    -76      5   1117
   178     72    946    -47      5   1113
   149     18    954    149     18    954
    -3      8   1028     -3      8   1028
  -167     15   1111     -3     15   1028
  -201     17   1064   -167     15   1064
   -92    -46   1063    -92     15   1063
  -123    -42   1115   -123    -42   1064
    25     32    957    -92     15   1063
  -104    -27   1020   -104    -27   1020
   -48     -3    996    -92     -3   1020
    68    -15   1049    -48    -15   1020
    99     -6   1162     68     -6   1049
    23    -49    992     23    -15   1020
   -70     17   1055     23     -6   1049
   -73     17   1105    -70     17   1055
     0     53   1185      0     17   1105
   -87    -58   1096    -70     17   1096
     1    -92    937      0    -58   1096
   -24     51    997    -24     17    997
    78    -28    928      0    -28    997
  -277    -80   1110    -24    -28    997
   -72     12   1069    -72    -28   1069
    33    -25   1195    -24    -25   1069
   117     68   1067     33    -25   1069
    57    119   1130     57     68   1069
  -118     42   1178     33     42   1130
   -55    -63   1057    -55     42   1069
  -133      3   1062    -55      3   1062
   -16     22   1061    -55     22   1062
   -73    -32   1030    -55      3   1061
   -99    142    979    -73     22   1030
  -147    -67   1118    -99      3   1061
   -58      0   1076    -73      0   1076
   129     50    862    -58      3   1061
   156     10   1048    129     10   1048
    -1      2    786     -1      3   1048
     3      3    948      3      3    948
   199    -27    974      3      3    974
    67    -13   1045     67    -13    974
     8     76    988      8      3    988
    23    -42   1066     23    -13    988
   -58    -18   1156      8    -18   1066
   -52     -4   1054    -52    -13   1054
  -198     11   1015    -52     -4   1054
   -28      3   1095    -52      3   1054
   -49     10   1045    -49      3   1054
    25     48    966    -49     10   1045
   -74     -3   1016    -49      3   1016
   -87     44   1282    -74     10   1045
     2     61   1153    -49     44   1153
  -190     25   1069    -74     25   1069
   -65    -34    938    -65     25   1069
  -266    -31   1063    -74    -31   1063
   109    -48   1102    -65    -31   1069
    80    -19   1007     80    -31   1063
   -13     69    990    -13    -19   1007
    16    -38    882     16    -31    990
   140    -54   1174     16    -38   1007
    65     49   1132     65    -31   1132
  -148    -83   1089     16    -38   1089
    -1     10   1037     -1    -31   1089
   -97    -24   1036     -1    -24   1037
    -2     91   1083     -2    -24   1083
    93    -37   1173     -1    -24   1083
    95     16   1228     93    -24   1173
    38    -10    907     38    -10   1083
    47    -52    959     47    -24    959
    55    -38   1004     47    -38   1004
   222     -4    988     55    -24    988
   -43    -56    955     47    -38    988
   -58     37   1004    -43    -24    988
   -47    -32   1016    -47    -32   1004
    64     12    965    -43    -24    988
   183    -29   1147     64    -29   1004
    39    -18    931     39    -24    988
  -147     97   1027     39    -18   1004
   -90     15   1287    -90     15   1027
   156     95   1001     39     15   1004
  -220    -24    864    -90     15   1001
   -55    -64   1033    -55    -24   1004
   -50     32    966    -55     15   1001
    38     24    862    -50     24    966
    88     -2   1096     38     15   1001
   279     34   1002     88     24   1002
   -23     27   1057     38     27   1002
   238    -71   1061     88     24   1057
   191    -15   1099    191    -15   1061
    42    -61   1040     88    -15   1057
   -46    -80    919     42    -61   1040
   183    108   1080     88    -15   1057
  -136     11   1065     42     11   1065
   -53     19    936    -53     11   1057
   -23     34   1063    -23     19   1063
     8    -52   1172    -23     11   1063
   -17     39   1205    -17     19   1172
   -82    -39   1017    -23     11   1063
    23    -17   1025    -17    -17   1025
  -109     18   1217    -23     11   1063
   236     74    907    -17     18   1025
   -42    -99    993    -23     11    993
   -26     43   1063    -26     18   1025
   -45    -21    923    -26     11    993
     0    -55    978    -26    -21    978
  -115    -42   1030    -26    -42    993
   -54     54    992    -54    -21    992
   206     -7    980    -26     -7    992
   -49    -20   1221    -49    -20    992
   -86     28   1321    -49     -7   1221
   124     36   1194    -49     28   1194
   -61     94   1092    -49     36   1194
   250    -40    932    -49     28   1092
  -152    -48    889    -49    -40    932
   -29    -28    962    -49    -28    962
   -72    -62   1092    -49    -40    962
   -84    -12    862    -72    -28    962
  -113    -27    915    -84    -27    915
  -213     -2    973   -113    -27    962
   135     92   1335    -84     -2    973
   -46    -41    964    -46    -27    964
  -106     28   1011    -84     -2    973
    55     82   1004    -46     28   1004
   -98    -33   1277    -84     -2   1004
  -114    -14    930    -98    -14   1004
   125    -96   1026    -84    -14   1004
   -48    -22   1145    -48    -22   1026
    16    -85    965    -48    -22   1004
   -34    -23   1153    -34    -23   1026
     8    136   1145    -34    -22   1145
   147     29    835      8     29   1026
   -58     -2   1035    -34     -2   1035
    34    -34   1166      8     -2   1035
  -110     48    984    -34     -2   1035
  -127    -38   1270   -110     -2   1035
   -31   -120   1044    -34    -38   1044
    50    -53   1030    -31    -53   1035
    20    -12   1057     20    -38   1044
    81    -40    918     20    -40   1035
  -124     31   1072     20    -38   1044
   -43     17   1003    -43     17   1035
   -30    -64   1298    -30    -38   1044
    23    -31   1059    -30    -31   1059
    42    -38   1055     23    -38   1055
   -18     31   1036    -18    -31   1055
   -34     23   1234    -18     23   1055
  -145    -99   1042    -34    -31   1055
   -27     50    917    -27     23   1042
    24    -55    960    -27    -31    960
  -162     55    962    -27     23    962
    96     56   1076    -27     55    962
   -43    -51   1106    -27     23   1076
  -136     16   1085    -43     16   1085
   -41    -37   1001    -41     16   1076
   160     54   1032    -41     16   1032
   -41    -62   1028    -41     16   1032
  -150    -16   1227    -41    -16   1032
    74      1   1013    -41      1   1032
    87    -56   1093     74    -16   1032
   117     14   1205     87      1   1093
    86     81   1109     86     14   1109
    32    -89   1162     86      1   1109
  -102    -21   1123     32    -21   1123
   123    -14    899     86    -14   1109
  -153     17   1199     32    -14   1123
   148     82   1256     86     17   1199
  -118   -118   1165     32    -14   1165
    -4     -8    861     -4     -8   1165
    22    -29   1054     22    -14   1054
   144      4   1138     22     -8   1138
    15     -6   1247     22     -6   1138
   -90     60   1003     15     -6   1138
   -82    136   1052    -82     60   1052
  -185     -1   1016    -82     -1   1052
    30     62   1106    -82     60   1052
    40    -12   1326     30     -1   1106
  -145    120   1030    -82     60   1052
   -92      5   1079    -92      5   1079
    36     34    851    -82     34   1052
  -151     13    987    -92     13    987
    76     36   1058    -82     34   1052
  -167     -7   1047    -92     13   1047
    37     46   1185    -82     34   1052
   -33   -102   1145    -33     13   1145
  -113    -63    931    -82    -63   1052
  -151    -18   1037   -113    -18   1037
  -105    -16   1237   -105    -18   1052
   114     13   1019   -105    -16   1037
  -125     -3   1279   -105     -3   1052
    49    -44   1190   -105    -16   1190
    43    -13   1119     43    -13   1119
     6    -87   1108      6    -16   1119
   -26     -3   1088      6    -13   1108
    13     -9   1096      6     -9   1096
  -114   -103   1091      6    -13   1096
   177      1   1158      6     -9   1096
  -107     -1   1050      6     -1   1096
    65     89   1063      6     -1   1063
   -31    -45   1117      6     -1   1096
   121    -16    911      6    -16   1063
    -5     15   1097      6     -1   1096
    -5     47   1220     -5     15   1097
  -109    -23    982     -5     -1   1096
     7    121    793     -5     15    982
  -139     36   1116     -5     36   1096
   -53    -10   1150    -53     15   1116
    32    -68   1345     -5    -10   1150
  -151     15    961    -53     15   1116
  -223     41    916   -151     15    961
   105    -15   1034    -53     15   1034
   -44     51   1037    -44     15   1034
    88   -126    939    -44     15   1034
  -215    -16    961    -44    -16    961
   -83     27    998    -83     15    998
    72     76   1018    -44     27    998
   -12    -86   1089    -12     15   1018
   -58     59   1152    -44     27   1089
 -1998    603    625    -58     59   1018
   507    129   1644    -44    129   1089
  -505   -296   1769    -58     59   1644
  1402   -153   1006    -44   -153   1089
   522    101   1088    522     59   1088
   626     61   1468    522     61   1089
 -1320     57   1998    522     59   1468
   966    175    837    522     61   1089
    95   -301   1157    522     59   1157
  -146      1   1332     95      1   1157
  -144     72    866   -144     59   1157
  -223     82    945   -144     72    945
   119     19    877   -144     59    945
  -105     -1   1107   -105     19    945
    57     45    995   -105     45    995
  -201    -79   1253   -105     19    995
   228      5   1122   -105      5   1122
    67     74   1125     67     19   1122
    77    -98    758     67      5   1122
    95     21    929     77     19    929
   -44     12   1021     67     12   1021
   -31    -29   1076    -31     12   1021
   -62    -24   1094    -31    -24   1076
    48     75   1039    -31     12   1039
   113      9    975     48      9   1039
   119     73    992    113     12    992
   124    -34    911    119      9    992
   -12    -64   1083    113    -34    992
   -49    -75   1162    -12    -64   1083
   -38     10    995    -38    -34    995
    66     14   1067    -12     10   1067
   -90     43   1027    -38     14   1027
  -101     38   1172    -90     38   1067
   -69     -9    985    -69     14   1027
   113    -14   1180    -69     -9   1067
    43     40    969     43     14   1027
   -44      5   1001    -44      5   1001
    22    -40   1036     22      5   1027
    79     39   1063     22      5   1036
    18    -87   1003     22      5   1027
   -84     -3   1047     18     -3   1036
    28      0   1047     22      0   1047
     1    -13   1056     18     -3   1047
   -28    -27    971      1    -13   1047
   -22    -19   1200    -22    -19   1047
     0    -32   1104      0    -19   1104
   -23     16   1099    -22    -19   1099
    23     53   1037      0     16   1099
    -4    -32    888     -4    -19   1037
  -128    -11   1036     -4    -11   1036
   -25     21   1017    -25    -11   1036
   -58     18   1073    -25     18   1036
   -43    -24   1114    -43    -11   1073
   -85    -66   1069    -43    -24   1069
    15     24   1062    -43    -11   1069
   168     84    911     15     24   1062
   -57    -41   1141    -43    -11   1069
    -1     12   1057     -1     12   1062
    88     99   1120     -1     12   1069
    47     -7    977     47     12   1062
  -188    -97   1145     -1     -7   1069
   -24     11    830    -24     11   1062
     7     66   1146     -1     11   1069
   -33     18    927    -24     18   1062
    20    -48    935     -1     11    935
   -24     -3   1130    -24     -3   1062
    22    -80   1172     -1     -3   1130
    12     46   1021     12     -3   1062
   -73    -49   1087     -1     -3   1087
     2    -43    852      2    -43   1062
    -2    -35   1120     -1    -35   1087
    24      2   1110      2    -35   1110
    39     50   1006     24      2   1087
    28    -60   1003     28    -35   1006
    36    -37   1054     28    -37   1054
    22     38   1181     28    -35   1054
   -44    -10    820     22    -10   1054
   -32     37   1124    -32    -10   1054
   -44     40   1081    -32     37   1081
   -36     -6   1134    -36     -6   1081
   124     27   1054    -32     27   1081
   128    -19   1036    124     -6   1054
   -66   -110    916    -32    -19   1036
  -198     17   1101    -66     -6   1054
  -184     12   1141   -184     12   1101
    15      0   1034    -66      0   1054
    21     49   1121     15     12   1101
   103     88    916     21     49   1054
   185     -6    970    103     12    970
    83    -49    908     83     -6    970
  -124     -5   1012     83     -5    970
  -109    -24   1092   -109     -6   1012
   -82    -22   1181    -82    -22   1092
    -8    -19    954    -82    -19   1012
   -69     71   1084    -69    -19   1084
    46    -30    937    -69    -19   1012
   -20    -38   1247    -20    -30   1084
    42    -27    894    -20    -27   1012
  -130    -40   1217    -20    -30   1084
  -186    -92   1106   -130    -40   1106
    -2    -45   1192    -20    -45   1106
    75    -10   1089     -2    -40   1106
   -58     41   1168    -20    -10   1106
   -40     30    962    -40     30   1106
   -52     -4   1088    -40     -4   1088
   -22    -38    990    -40     -4   1088
   -69    -23   1257    -40    -23   1088
   -14     14    924    -40     -4   1088
   -46     52   1050    -40     14   1050
    44     43    998    -40     43   1050
   117     37    971     44     37    998
   135     52    947    117     43    971
    26    -90    942     44     37    947
    22     51   1021     26     43    971
   162    -29   1217     44     37   1021
    77     90    795     77     43    971
   -52    -44   1215     44     37   1021
    46     -2    871     46     -2    971
   -25    -69   1145     44     -2   1021
    50     37    839     46     -2    971
   132    -71   1106     50     -2   1021
   -44     34   1084     46     -2   1084
    45    -62    888     45     -2   1021
    26      4   1369     45     -2   1084
    95     18    951     45      4   1021
    24    -41   1168     45     -2   1084
  -104      3    938     24      3   1021
    29    -20   1164     29     -2   1084
  -111     17   1064     24      3   1064
    10     -2   1047     10     -2   1064
   -20     84   1109     10      3   1064
    53     41   1097     10     41   1097
   -14     35   1045     10     35   1064
   114     61    952     10     41   1045
    42    -10   1049     42     35   1049
    84    -28   1058     42    -10   1049
  -258      8   1079     42      8   1058
    25    -64    986     25    -10   1049
   -55     35    987     25      8    987
    57    -47   1176     25    -10   1049
  -107    -50   1154     25    -47   1154
   -76    -53    919    -76    -50   1049
   -25     -1   1267    -25    -47   1154
    82     20    872    -25     -1   1049
    68     -2   1120     68     -2   1120
   -29     62   1020    -25     -1   1049
   -11     -6   1133    -11     -2   1120
  -220     86    987    -25     -1   1049
  -155     20   1019   -155     20   1019
  -180    -21   1163   -155     -1   1049
     9     13    827   -155     13   1019
   -62     41   1185    -62     13   1049
   -83    -46    959    -83     13   1019
    20     22   1265    -62     13   1049
   -58    -18   1093    -58     13   1093
   146    -46   1124    -58    -18   1093
   -25    -30   1149    -25    -30   1124
    81     13   1170    -25    -18   1149
    81      0   1004     81      0   1124
    66     59    928     66      0   1004
   216     22   1056     81     22   1056
   -62     47   1098     66     22   1056
    79     16   1011     79     22   1056
  -104     35   1138     66     22   1056
     2     37    961      2     35   1056
   -39    -34   1024      2     22   1024
   -81    -11    932    -39    -11   1024
