    14    -37    985      0      0      0
   -12      3   1026      0      0    985
   -20      9   1064    -12      3   1026
   -28     -9   1025    -20      0   1025
    -5     -6   1058    -12     -6   1026
   -21    -10   1045    -20     -6   1045
    -1     -3   1050    -12     -6   1045
    -2     -5   1067     -2     -5   1050
    -2    -16   1054     -2     -6   1054
   103    -13   1139     -2    -13   1054
   130      5   1063    103     -6   1063
   109      4   1023    109      4   1054
    91     -9   1022    103     -6   1023
    36    -11   1057     91     -9   1054
    -6     -7   1015     36     -7   1023
   -30     -2   1027     -6     -7   1027
   -29     -5   1052    -29     -5   1027
   -52     -5   1071    -29     -5   1052
   -57      5   1048    -52     -5   1048
   -62     -7   1080    -57     -5   1052
   -50    -16   1071    -52     -7   1071
   -37    -19   1079    -50    -16   1071
    -7    -10   1085    -37    -10   1079
    19    -14   1072     -7    -14   1072
    57      4   1061     19    -10   1072
    64      9   1057     57      4   1061
    64     -3   1041     64     -3   1057
    53     -5   1050     57     -3   1050
    48     -6   1061     53     -5   1057
    23    -11   1032     48     -6   1050
    -1      0   1067     23     -5   1057
    -4     -8   1041     -1     -6   1050
   -30     -1   1071     -4     -5   1057
    -3      0   1053     -3     -1   1053
   -11      0   1052     -4      0   1053
   -27      9   1079    -11      0   1053
    -7      0   1049     -7      0   1053
   -26      2   1053    -11      0   1053
    10     -2   1041     -7      0   1053
    23     -3   1070     10     -2   1053
    23     -5   1055     23     -3   1055
    11      6   1076     11     -2   1055
     7     -3   1038     11     -3   1055
    -6     -9   1073      7     -3   1055
   -12     -7   1045     -6     -7   1055
     0      2   1083      0     -3   1055
    -5      8   1069     -5      2   1069
    -3     -5   1064     -3     -3   1064
     2     -5   1054     -3     -5   1064
    -7     -5   1057     -3     -5   1057
   -11     -1   1055     -7     -5   1057
    -8      0   1079     -8     -1   1057
    -4     -1   1076     -7     -1   1076
    -5     -1   1043     -5     -1   1057
     0     -1   1047     -5     -1   1047
    14    -10   1060      0     -1   1057
    -2      0   1058     -2     -1   1058
     4      0   1043      0      0   1057
    15     -9   1051      4     -1   1051
   -11     -5   1069      0     -5   1057
   -20     -2   1062    -11     -2   1062
   -20     -7   1034    -20     -5   1057
   -15      0   1062    -15     -2   1062
    -6      0   1055    -15      0   1057
   -10     10   1062    -10      0   1062
    -4     -5   1038    -10      0   1057
     4      3   1064     -4      0   1062
    10     -7   1075      4      0   1064
     7     -2   1058      7     -2   1062
     8     -2   1058      7     -2   1058
   -10     -2   1075      7     -2   1062
    13     -2   1067      7     -2   1067
     3     -3   1052      7     -2   1062
    -1     -9   1044      3     -3   1052
   -18     -7   1036     -1     -7   1044
     0    -10   1061      0     -7   1052
     2     -9   1009      0     -9   1044
     0    -17   1032      0     -9   1032
   -25     -1   1048      0     -9   1044
   -13    -14   1030    -13     -9   1032
    12    -12   1091      0    -12   1044
    12    -10   1068     12    -10   1068
    -8      4   1014      0    -10   1044
    -4     -5   1030     -4     -5   1030
    -4     10   1105     -4     -5   1044
     5    -10   1020     -4     -5   1030
     3    -19   1008      3    -10   1020
   -44    -18   1068     -4    -18   1030
     7     -6   1062      3    -10   1062
    20     -5   1070      7     -6   1062
    16      5   1053     16     -5   1062
    17      0   1020     16      0   1053
    -7     -8   1058     16     -5   1058
   -17     -6   1072     -7     -6   1058
   -30    -17   1071    -17     -6   1071
   -44    -12   1046    -30    -12   1058
   -20    -13   1048    -20    -12   1048
   -26     -8   1054    -26    -12   1054
   -30     -2   1076    -26     -8   1054
    -7      1   1074    -26     -2   1074
   -12     -1   1044    -12     -1   1054
   -22     -1   1064    -22     -1   1064
    -8     -2   1054    -12     -1   1054
   -24      3   1020    -22     -1   1054
   -33     -5   1046    -24     -1   1046
   -12     -2   1070    -22     -2   1054
    -3    -13   1074    -12     -2   1070
    -6     -8   1066     -6     -8   1066
    -6     -4   1057     -6     -4   1066
   -26      2   1093     -6     -4   1066
   -18      6   1055    -18      2   1066
     0     10   1053     -6      6   1055
    -8      7   1073     -8      7   1066
    -7     14   1089     -7      7   1073
   -11    -22   1032     -8      7   1066
    13     -9   1062     -7     -9   1062
     9    -13   1063      9     -9   1063
   -20      7   1063     -7     -9   1063
   -13     -5   1061    -13     -5   1063
   -10      0   1062    -10     -5   1062
    -9      4   1058    -10      0   1062
    -5     -5   1065     -9     -5   1062
     4      2   1058     -5      0   1062
    -8     -6   1048     -8     -5   1058
    -1      5   1060     -5      0   1060
   -12     -1   1063     -8     -1   1060
    -8     -6   1045     -8     -1   1060
   -14      0   1051     -8     -1   1051
    12     -5   1048     -8     -1   1051
     4     -8   1028      4     -5   1048
   -24     -7   1055     -8     -7   1051
   -20    -13   1033    -20     -7   1048
     0     -2   1057     -8     -7   1051
   -15     -5   1066    -15     -5   1057
   -13      8   1026    -13     -5   1051
    -7     12   1107    -13      8   1057
    14      7   1119     -7      7   1107
   -12      4   1019    -12      7   1057
   -23      0   1060    -12      4   1060
   -16     -7   1035    -16      0   1057
    29      6   1064    -12      4   1060
    28     -2   1033     28      0   1057
    -9     -6   1033     -9     -2   1033
   -21     -9   1032     -9     -6   1033
     1     -2   1042     -9     -2   1033
    13    -13   1051      1     -6   1042
   -13    -19   1053     -9    -13   1051
    30      0   1061      1     -6   1053
     5      6   1043      5      0   1051
    17      7   1070      5      6   1053
    -4      0   1060      5      0   1060
    -6    -11   1054     -4      0   1054
   -32    -13   1055     -6    -11   1055
   -33    -21   1015    -32    -13   1054
   -51      5   1084    -33    -11   1055
   -17     20   1062    -32      5   1062
     8      2   1073    -17      2   1062
     0     10   1041      0      5   1062
    -2      5   1053     -2      5   1053
    10    -18   1060      0      5   1060
   -26    -19   1047     -2    -18   1053
     2     -7   1059      0     -7   1059
     2      1   1048      2     -7   1053
     2      0   1033      2      0   1048
   -20      3   1034      2      0   1034
    -2      1   1065     -2      1   1048
    -7      0   1067     -2      0   1065
    -6      0   1045     -6      0   1048
   -16    -15   1054     -6      0   1054
   -17      5   1064    -16      0   1054
     9      6   1084     -6      5   1064
    -7     -7   1037     -7      0   1054
    26     -5   1036     -6     -5   1037
    13      4   1104     13      0   1054
     0     10    998      0      4   1037
    14    -22   1058     13      0   1054
    -8     -3   1063      0     -3   1058
     2    -16   1079      2     -3   1063
     6     13   1050      2     -3   1058
   -17    -14   1045      2     -3   1050
   -12     -7   1085    -12     -7   1058
    -9     -1   1086     -9     -3   1085
   -19     -3   1065    -12     -3   1065
   -31      1   1049    -19     -3   1065
     8     13   1049    -12      1   1049
    22      8   1046      8      8   1049
    16    -11   1052     16      1   1049
    30    -13   1022     16    -11   1049
     7     -1   1060     16     -1   1049
    -6     -1   1042      7     -1   1049
   -20      2   1029     -6     -1   1042
   -13     15   1095    -13      2   1049
    -8      3   1043     -8      3   1043
     1      4   1065     -8      3   1049
    -1     -4   1051     -1      3   1051
     7    -15   1095     -1     -4   1051
   -18    -19   1044     -1    -15   1051
     2    -11   1052     -1    -11   1051
   -21     11   1091     -1    -11   1052
     8     -3   1046     -1     -3   1051
   -14      0   1018     -1     -3   1046
   -39     -3   1074    -14     -3   1051
    -9     -9   1060     -9     -3   1060
   -23    -10   1061    -14     -9   1060
   -32     -8   1022    -23     -8   1060
    -1     -5   1070    -14     -8   1060
    10     -6   1032     -1     -6   1060
    -3    -12   1069     -3     -8   1060
     9      5   1113     -1     -6   1069
    24    -16   1026      9     -8   1060
     8    -10   1044      8    -10   1044
    -1     -9   1041      8     -9   1044
    16      3   1072      8     -9   1044
    -4     -9   1081      8     -9   1072
     9    -10   1040      8     -9   1044
    -5    -13   1047      8    -10   1047
     1    -11   1071      1    -11   1047
     1      0   1041      1    -10   1047
    -3      6   1048      1      0   1047
    -6      8   1051     -3      6   1048
     0     -3   1090      0      0   1051
   -23    -10   1066     -3     -3   1066
   -29    -14   1045    -23    -10   1051
     4      0   1068     -3     -3   1066
   -17     -1   1062    -17     -1   1062
     5    -19   1066     -3     -3   1066
   -10    -30   1064    -10    -19   1064
    -5    -14   1045     -5    -14   1064
   -15     -1   1053    -10    -14   1053
    19     -3   1060     -5     -3   1060
   -40    -14   1067    -10    -14   1060
   -13      4   1036    -13     -3   1060
   -22     -5   1070    -13     -5   1060
    -5      1   1101    -13     -3   1070
    -3     -5   1050     -5     -5   1060
     6    -22   1044     -3     -5   1050
    -1    -18   1039     -1    -18   1044
     9     -5   1060     -1     -5   1050
    44     -1   1071      9     -5   1060
    -3     12   1035     -1     -1   1050
     2    -12   1052      2     -5   1052
    -4    -15   1052     -1    -12   1052
     8    -12   1055      2    -12   1052
     6    -14   1051      6    -12   1052
    10     -7   1083      6    -12   1052
     2     -1   1049      6     -7   1052
   -22     -3   1037      2     -3   1049
   -30      9   1052    -22     -3   1052
    -6     -6   1077     -6     -3   1052
   -20     -4   1052    -20     -4   1052
   -16     -4   1034    -16     -4   1052
   -17     -2   1072    -17     -4   1052
     8      1   1064    -16     -2   1064
     3     -5   1043      3     -4   1052
   -22     -3   1051    -16     -3   1051
   -15    -17   1075    -15     -4   1052
   -10      0   1056    -15     -3   1056
   -12     -1   1046    -12     -1   1052
    -2      5   1076    -12     -1   1056
   -37    -15   1049    -12     -1   1052
   -12      0   1088    -12     -1   1056
   -30      3   1058    -12      0   1058
    -3      5   1061    -12      3   1058
    14     -1   1032     -3      0   1058
   -27     -5   1054    -12     -1   1054
     9     -1   1034     -3     -1   1054
   -30     -2   1039    -12     -1   1039
   -10     -9   1040    -10     -2   1040
   -19     -6   1072    -12     -6   1040
     0    -10   1064    -10     -6   1064
   -13      9   1085    -12     -6   1064
   -11      2   1039    -11      2   1064
     3      7   1065    -11      2   1064
     3     -8   1047      3      2   1064
    -3     -2   1049     -3     -2   1049
   -17    -17   1061     -3     -2   1061
     4     -1   1087     -3     -2   1061
     3      1   1052      3     -1   1061
    -3     -5   1079     -3     -2   1061
    -2     -8   1018     -2     -5   1061
     0      2   1053     -2     -2   1053
     4     -5   1054      0     -5   1054
    10     -4   1044      4     -4   1053
     2     -4   1028      2     -4   1044
    22     -1   1057      4     -4   1053
    -4     -6   1072      2     -4   1057
     4     -8   1077      4     -6   1072
     3      0   1052      3     -4   1057
    11     -6   1048      4     -6   1052
    -2    -12   1028      3     -6   1048
   -23     -7   1026     -2     -7   1028
   -14     -8   1048    -14     -7   1048
    -4      7   1057     -4     -7   1048
    12      1   1052     -4      1   1052
    10      0   1042     10      0   1048
    -1     -7   1054     -1      0   1052
    -8     -6   1027     -1     -6   1048
     9    -14   1016     -1     -6   1027
     8    -11   1091      8    -11   1048
    -8     -1   1053     -1     -6   1053
   -14      8   1042     -8     -1   1048
    16      9   1074     -1      8   1053
   -15     -7   1057     -8     -1   1057
     9     -9   1057     -1     -7   1057
   -32    -11   1093     -8     -9   1057
   -16     -9   1076    -16     -9   1076
   -20     -4   1041    -16     -9   1057
    12      4   1037    -16     -4   1041
    17      5   1065     12      4   1057
    20     -5   1054     17     -4   1054
    -6      2   1068     12      2   1057
   -39    -12   1079     -6     -4   1068
   -32    -23   1074    -32    -12   1074
   -23     -8   1051    -23     -8   1068
   -33    -11   1070    -32    -11   1070
   -16     -2   1060    -23     -8   1068
    -2     -4   1028    -16     -4   1060
   -45     -2   1081    -23     -4   1068
    11     -1   1083    -16     -2   1081
    10      0   1035     10     -1   1068
   -11    -15   1046    -11     -2   1046
    18     -2   1077     10     -2   1068
    18      0   1058     18     -2   1058
    11    -11   1041     11     -2   1058
   -13     -6   1067     11     -6   1058
    -1     -6   1068     -1     -6   1067
    -6     -1   1052     -1     -6   1058
   -14    -10   1068     -6     -6   1067
   -17      2   1042    -14     -6   1058
   -28     -5   1068    -17     -5   1067
   -13     -5   1072    -14     -5   1068
   -17    -12   1069    -17     -5   1069
    -6     14   1037    -14     -5   1068
    10      6   1044     -6      6   1044
    30      0   1073     10      0   1068
    23     -9   1044     23      0   1044
    18     -4   1059     18     -4   1059
    25      4   1019     23      0   1044
   -10    -25   1052     18     -4   1052
    12    -15   1062     12    -15   1052
     1      2   1069     12     -4   1062
     0      0   1047      1      0   1052
   -11      3   1018      0      0   1047
    -8      1   1043     -8      1   1043
    -1     -1   1073     -1      0   1047
    -5     -1   1031     -5     -1   1043
     3    -12   1053     -1     -1   1047
   -15    -10   1047     -5    -10   1047
   -18     -4   1078    -15     -4   1047
     1     -1   1044     -5     -4   1047
   -10      0   1064    -10     -1   1047
    -1      2   1043     -5      0   1047
   -17     -1   1068    -10     -1   1047
   -18    -14   1039    -17     -1   1047
    -6      0   1052    -10     -1   1047
     8     -8   1068     -6     -1   1052
    17     -1   1045      8     -1   1047
    16      3   1055     16     -1   1052
    12     -8   1037     12     -1   1047
    -2     -7   1035     12     -7   1037
    -5     -1   1058     -2     -1   1047
    14      0   1068     12     -1   1058
    -1     -1   1056     -1     -1   1056
   -19    -14   1070     -1     -1   1058
    20      7   1056     -1     -1   1056
    -1      4   1080     -1      4   1058
    -1    -22   1043     -1     -1   1056
   -15      2   1061     -1      2   1058
   -46     -7   1047    -15     -1   1056
   -32      0   1111    -32      0   1058
   -11     -9   1080    -15     -1   1080
   -21      1   1029    -21      0   1058
    -6     -5   1077    -15     -1   1077
   -34    -17   1063    -21     -5   1063
    17     11   1050    -15     -1   1063
    -2    -22   1062     -2     -5   1062
    15     -3   1036     -2     -3   1062
     0     -5   1043      0     -5   1043
     3     16   1050      0     -3   1050
     5      1   1054      3      1   1050
   -30      1   1055      0      1   1054
   -19     11   1071    -19      1   1055
     4     -7   1048      0      1   1054
    -4    -17   1085     -4     -7   1055
     6     -1   1046      0     -1   1054
   -20      2   1034     -4     -1   1046
    11      9   1067      0      2   1054
   -16     -8   1034     -4     -1   1046
    -4      2   1071     -4      2   1054
    -9     11   1052     -4      2   1052
  -855     -3   1070     -9      2   1054
   152     -7   1016     -4     -3   1052
   365    -60   1080    152     -7   1054
   218    -40   1125    218    -40   1080
  -466      6   1108    152     -7   1108
   170    -37    870    170    -37   1080
    42     15   1119    152     -7   1108
   -80     15   1005     42     15   1080
    93    -15   1060     93     -7   1060
   -98     10   1085     42     10   1080
    86    -16   1006     86     -7   1060
   -56     -2   1067     42     -2   1067
    53     12   1052     53     -2   1060
   -41    -15   1044     42     -2   1052
    23     -1   1044     23     -2   1044
   -16      0   1075     23     -1   1052
     1     -7   1046      1     -2   1046
    -2      4   1059      1     -1   1052
    -2      0   1035     -2      0   1046
    -1     -5   1031     -1     -1   1035
     3     -8   1071     -1     -5   1046
     1      0   1052      1     -1   1052
     1      1   1042      1      0   1046
     9      0   1036      1      0   1042
     1    -11   1053      1      0   1046
     0    -12   1050      1    -11   1050
     7    -10   1044      1    -10   1046
     5      3   1054      5    -10   1050
    -2     -4   1049      1     -4   1049
     0      4   1026      0     -4   1049
    14      2    994      1      2   1026
     2    -13   1096      2     -4   1049
    -1    -19   1058      1    -13   1058
    -4    -26   1058     -1    -19   1058
     4     26   1024      1    -13   1058
    -3     21   1064     -1     21   1058
     2      7   1045      1      7   1058
     4    -10   1065      2      7   1058
     3     -1   1044      3     -1   1058
   -10    -14   1063      2     -1   1058
    -3    -33   1044     -3    -14   1058
   -13     16   1070     -3     -1   1058
    -1     16    998     -3     16   1058
    -5     -1   1123     -3     -1   1058
    -3    -12   1051     -3     -1   1058
   -13    -17   1037     -3    -12   1051
    12     -6   1052     -3     -6   1052
    -1     22   1019     -1     -6   1051
    11    -15   1098     -1     -6   1052
    -4    -11   1045     -1    -11   1051
    -3    -14   1072     -3    -11   1052
    -8     -1   1092     -3    -11   1072
   -19      2    989     -8     -1   1052
     0    -25   1074     -3    -11   1072
    23    -16   1081      0    -16   1074
     4      8   1049      4    -11   1072
    12     -8   1051      4     -8   1051
     1     -6    996      4     -8   1051
   -13    -24   1100      1     -8   1051
    14     -5   1100      4     -8   1100
    11     24   1043     11     -5   1051
   -23     31   1048      4     24   1048
    29    -19   1058     11     -5   1051
     7    -37   1046      7    -19   1048
     2    -15   1043      7    -15   1046
     4     19   1069      4    -15   1048
   -36     24   1042      4     19   1046
     2    -12   1076      2    -12   1048
    12     -5   1093      4     -5   1076
     0     -3   1004      2     -5   1048
     6     10   1054      4     -3   1054
   -15      0   1027      2      0   1048
     3     -3   1041      3     -3   1041
    -8     -5   1048      2     -3   1048
    17    -19   1044      3     -5   1044
   -19      4   1025      2     -3   1044
    18    -12   1110      3     -5   1044
     3    -10   1017      3    -10   1044
     0     -8   1021      3     -8   1021
   -14     -1   1021      0     -8   1021
    20    -12   1052      3     -8   1021
     6     15   1060      6     -8   1052
    -2     32   1042      3     15   1042
   -29    -11   1011     -2     -8   1042
     4    -13   1087      3    -11   1042
    11    -11   1087      4    -11   1087
   -38     -7   1039      3    -11   1042
     0     12   1047      0     -7   1047
